<?xml version="1.0" encoding="UTF-8"?>
<coverage generated="1518892753909" clover="3.2.0">
  <project timestamp="1518892753909" name="All files">
    <metrics statements="20" coveredstatements="20" conditionals="2" coveredconditionals="2" methods="11" coveredmethods="11" elements="33" coveredelements="33" complexity="0" loc="20" ncloc="20" packages="2" files="3" classes="3">
      <package name="components.MoviePage">
        <metrics statements="10" coveredstatements="10" conditionals="2" coveredconditionals="2" methods="7" coveredmethods="7"/>
        <file name="MoviePage.jsx" path="/Users/ramusus/workspace/cinemanio-frontend/components/MoviePage/MoviePage.jsx">
          <metrics statements="10" coveredstatements="10" conditionals="2" coveredconditionals="2" methods="7" coveredmethods="7"/>
          <line num="16" count="1" type="stmt"/>
          <line num="17" count="12" type="stmt"/>
          <line num="24" count="2" type="stmt"/>
          <line num="25" count="2" type="cond" truecount="2" falsecount="0"/>
          <line num="26" count="1" type="stmt"/>
          <line num="33" count="1" type="stmt"/>
          <line num="34" count="1" type="stmt"/>
          <line num="35" count="1" type="stmt"/>
          <line num="42" count="1" type="stmt"/>
          <line num="68" count="8" type="stmt"/>
        </file>
      </package>
      <package name="tests">
        <metrics statements="10" coveredstatements="10" conditionals="0" coveredconditionals="0" methods="4" coveredmethods="4"/>
        <file name="helpers.jsx" path="/Users/ramusus/workspace/cinemanio-frontend/tests/helpers.jsx">
          <metrics statements="9" coveredstatements="9" conditionals="0" coveredconditionals="0" methods="4" coveredmethods="4"/>
          <line num="8" count="1" type="stmt"/>
          <line num="9" count="1" type="stmt"/>
          <line num="10" count="1" type="stmt"/>
          <line num="14" count="1" type="stmt"/>
          <line num="23" count="1" type="stmt"/>
          <line num="24" count="1" type="stmt"/>
          <line num="25" count="1" type="stmt"/>
          <line num="26" count="1" type="stmt"/>
          <line num="27" count="1" type="stmt"/>
        </file>
        <file name="setup.js" path="/Users/ramusus/workspace/cinemanio-frontend/tests/setup.js">
          <metrics statements="1" coveredstatements="1" conditionals="0" coveredconditionals="0" methods="0" coveredmethods="0"/>
          <line num="6" count="1" type="stmt"/>
        </file>
      </package>
    </metrics>
  </project>
</coverage>
