{"/Users/ramusus/workspace/cinemanio-frontend/components/MoviePage/MoviePage.jsx": {"path":"/Users/ramusus/workspace/cinemanio-frontend/components/MoviePage/MoviePage.jsx","statementMap":{"0":{"start":{"line":16,"column":4},"end":{"line":20,"column":5}},"1":{"start":{"line":17,"column":7},"end":{"line":19,"column":12}},"2":{"start":{"line":24,"column":22},"end":{"line":24,"column":37}},"3":{"start":{"line":25,"column":4},"end":{"line":25,"column":27}},"4":{"start":{"line":25,"column":16},"end":{"line":25,"column":27}},"5":{"start":{"line":26,"column":4},"end":{"line":38,"column":5}},"6":{"start":{"line":33,"column":39},"end":{"line":33,"column":48}},"7":{"start":{"line":34,"column":42},"end":{"line":34,"column":51}},"8":{"start":{"line":35,"column":42},"end":{"line":35,"column":51}},"9":{"start":{"line":42,"column":19},"end":{"line":65,"column":1}},"10":{"start":{"line":68,"column":41},"end":{"line":68,"column":67}}},"fnMap":{"0":{"name":"(anonymous_0)","decl":{"start":{"line":15,"column":2},"end":{"line":15,"column":3}},"loc":{"start":{"line":15,"column":15},"end":{"line":21,"column":3}},"line":15},"1":{"name":"(anonymous_1)","decl":{"start":{"line":16,"column":48},"end":{"line":16,"column":49}},"loc":{"start":{"line":17,"column":7},"end":{"line":19,"column":12}},"line":17},"2":{"name":"(anonymous_2)","decl":{"start":{"line":23,"column":2},"end":{"line":23,"column":3}},"loc":{"start":{"line":23,"column":11},"end":{"line":39,"column":3}},"line":23},"3":{"name":"(anonymous_3)","decl":{"start":{"line":33,"column":31},"end":{"line":33,"column":32}},"loc":{"start":{"line":33,"column":39},"end":{"line":33,"column":48}},"line":33},"4":{"name":"(anonymous_4)","decl":{"start":{"line":34,"column":34},"end":{"line":34,"column":35}},"loc":{"start":{"line":34,"column":42},"end":{"line":34,"column":51}},"line":34},"5":{"name":"(anonymous_5)","decl":{"start":{"line":35,"column":34},"end":{"line":35,"column":35}},"loc":{"start":{"line":35,"column":42},"end":{"line":35,"column":51}},"line":35},"6":{"name":"(anonymous_6)","decl":{"start":{"line":68,"column":11},"end":{"line":68,"column":12}},"loc":{"start":{"line":68,"column":41},"end":{"line":68,"column":67}},"line":68}},"branchMap":{"0":{"loc":{"start":{"line":25,"column":4},"end":{"line":25,"column":27}},"type":"if","locations":[{"start":{"line":25,"column":4},"end":{"line":25,"column":27}},{"start":{"line":25,"column":4},"end":{"line":25,"column":27}}],"line":25}},"s":{"0":1,"1":12,"2":2,"3":2,"4":1,"5":1,"6":1,"7":1,"8":1,"9":1,"10":8},"f":{"0":1,"1":12,"2":2,"3":1,"4":1,"5":1,"6":8},"b":{"0":[1,1]},"_coverageSchema":"332fd63041d2c1bcb487cc26dd0d5f7d97098a6c","hash":"8d3f97f938d3923a40ca39494606749f39c01d38"}
,"/Users/ramusus/workspace/cinemanio-frontend/tests/helpers.jsx": {"path":"/Users/ramusus/workspace/cinemanio-frontend/tests/helpers.jsx","statementMap":{"0":{"start":{"line":8,"column":28},"end":{"line":21,"column":1}},"1":{"start":{"line":9,"column":29},"end":{"line":9,"column":85}},"2":{"start":{"line":9,"column":60},"end":{"line":9,"column":68}},"3":{"start":{"line":10,"column":17},"end":{"line":13,"column":4}},"4":{"start":{"line":14,"column":2},"end":{"line":20,"column":3}},"5":{"start":{"line":23,"column":25},"end":{"line":28,"column":7}},"6":{"start":{"line":24,"column":2},"end":{"line":28,"column":7}},"7":{"start":{"line":25,"column":4},"end":{"line":25,"column":20}},"8":{"start":{"line":26,"column":4},"end":{"line":26,"column":14}},"9":{"start":{"line":27,"column":4},"end":{"line":27,"column":10}}},"fnMap":{"0":{"name":"(anonymous_0)","decl":{"start":{"line":8,"column":28},"end":{"line":8,"column":29}},"loc":{"start":{"line":8,"column":51},"end":{"line":21,"column":1}},"line":8},"1":{"name":"(anonymous_1)","decl":{"start":{"line":9,"column":54},"end":{"line":9,"column":55}},"loc":{"start":{"line":9,"column":60},"end":{"line":9,"column":68}},"line":9},"2":{"name":"(anonymous_2)","decl":{"start":{"line":23,"column":25},"end":{"line":23,"column":26}},"loc":{"start":{"line":24,"column":2},"end":{"line":28,"column":7}},"line":24},"3":{"name":"(anonymous_3)","decl":{"start":{"line":24,"column":13},"end":{"line":24,"column":14}},"loc":{"start":{"line":24,"column":19},"end":{"line":28,"column":3}},"line":24}},"branchMap":{},"s":{"0":1,"1":1,"2":1,"3":1,"4":1,"5":1,"6":1,"7":1,"8":1,"9":1},"f":{"0":1,"1":1,"2":1,"3":1},"b":{},"_coverageSchema":"332fd63041d2c1bcb487cc26dd0d5f7d97098a6c","hash":"406d13954091e8994b8b49ba26122e191ace635e"}
,"/Users/ramusus/workspace/cinemanio-frontend/tests/setup.js": {"path":"/Users/ramusus/workspace/cinemanio-frontend/tests/setup.js","statementMap":{"0":{"start":{"line":6,"column":0},"end":{"line":6,"column":37}}},"fnMap":{},"branchMap":{},"s":{"0":1},"f":{},"b":{},"_coverageSchema":"332fd63041d2c1bcb487cc26dd0d5f7d97098a6c","hash":"cecf1bb8206b972e37bbd14a9056a7b6cddfc0b3"}
}
