TN:
SF:/Users/ramusus/workspace/cinemanio-frontend/components/MoviePage/MoviePage.jsx
FN:15,(anonymous_0)
FN:16,(anonymous_1)
FN:23,(anonymous_2)
FN:33,(anonymous_3)
FN:34,(anonymous_4)
FN:35,(anonymous_5)
FN:68,(anonymous_6)
FNF:7
FNH:7
FNDA:1,(anonymous_0)
FNDA:12,(anonymous_1)
FNDA:2,(anonymous_2)
FNDA:1,(anonymous_3)
FNDA:1,(anonymous_4)
FNDA:1,(anonymous_5)
FNDA:8,(anonymous_6)
DA:16,1
DA:17,12
DA:24,2
DA:25,2
DA:26,1
DA:33,1
DA:34,1
DA:35,1
DA:42,1
DA:68,8
LF:10
LH:10
BRDA:25,0,0,1
BRDA:25,0,1,1
BRF:2
BRH:2
end_of_record
TN:
SF:/Users/ramusus/workspace/cinemanio-frontend/tests/helpers.jsx
FN:8,(anonymous_0)
FN:9,(anonymous_1)
FN:23,(anonymous_2)
FN:24,(anonymous_3)
FNF:4
FNH:4
FNDA:1,(anonymous_0)
FNDA:1,(anonymous_1)
FNDA:1,(anonymous_2)
FNDA:1,(anonymous_3)
DA:8,1
DA:9,1
DA:10,1
DA:14,1
DA:23,1
DA:24,1
DA:25,1
DA:26,1
DA:27,1
LF:9
LH:9
BRF:0
BRH:0
end_of_record
TN:
SF:/Users/ramusus/workspace/cinemanio-frontend/tests/setup.js
FNF:0
FNH:0
DA:6,1
LF:1
LH:1
BRF:0
BRH:0
end_of_record
